<?xml version="1.0" encoding="UTF-8"?>
<testng-results ignored="0" total="4" passed="3" failed="1" skipped="0">
  <reporter-output>
  </reporter-output>
  <suite started-at="2023-07-08T11:12:05 IST" name="Default suite" finished-at="2023-07-08T11:12:07 IST" duration-ms="2025">
    <groups>
    </groups>
    <test started-at="2023-07-08T11:12:05 IST" name="Default test" finished-at="2023-07-08T11:12:07 IST" duration-ms="2025">
      <class name="org.fleet.demopage.DemoPage">
        <test-method is-config="true" signature="beforesuite()[pri:0, instance:org.fleet.demopage.DemoPage@290222c1]" started-at="2023-07-08T11:12:02 IST" name="beforesuite" finished-at="2023-07-08T11:12:05 IST" duration-ms="2743" status="PASS">
          <reporter-output>
          </reporter-output>
        </test-method> <!-- beforesuite -->
        <test-method is-config="true" signature="beforeTest()[pri:0, instance:org.fleet.demopage.DemoPage@290222c1]" started-at="2023-07-08T11:12:05 IST" name="beforeTest" finished-at="2023-07-08T11:12:06 IST" duration-ms="981" status="PASS">
          <reporter-output>
          </reporter-output>
        </test-method> <!-- beforeTest -->
        <test-method signature="emailAddress()[pri:0, instance:org.fleet.demopage.DemoPage@290222c1]" started-at="2023-07-08T11:12:06 IST" name="emailAddress" finished-at="2023-07-08T11:12:06 IST" duration-ms="208" status="PASS">
          <reporter-output>
          </reporter-output>
        </test-method> <!-- emailAddress -->
        <test-method signature="loginButton()[pri:0, instance:org.fleet.demopage.DemoPage@290222c1]" started-at="2023-07-08T11:12:06 IST" name="loginButton" finished-at="2023-07-08T11:12:06 IST" duration-ms="320" status="PASS">
          <reporter-output>
          </reporter-output>
        </test-method> <!-- loginButton -->
        <test-method signature="password()[pri:0, instance:org.fleet.demopage.DemoPage@290222c1]" started-at="2023-07-08T11:12:06 IST" name="password" finished-at="2023-07-08T11:12:06 IST" duration-ms="141" status="PASS">
          <reporter-output>
          </reporter-output>
        </test-method> <!-- password -->
        <test-method signature="validation()[pri:0, instance:org.fleet.demopage.DemoPage@290222c1]" started-at="2023-07-08T11:12:06 IST" name="validation" finished-at="2023-07-08T11:12:06 IST" duration-ms="10" status="FAIL">
          <exception class="java.lang.AssertionError">
            <message>
              <![CDATA[expected [Account Login] but found [AccountLogin]]]>
            </message>
            <full-stacktrace>
              <![CDATA[java.lang.AssertionError: expected [Account Login] but found [AccountLogin]
at org.testng.Assert.fail(Assert.java:99)
at org.testng.Assert.failNotEquals(Assert.java:1037)
at org.testng.Assert.assertEqualsImpl(Assert.java:140)
at org.testng.Assert.assertEquals(Assert.java:122)
at org.testng.Assert.assertEquals(Assert.java:629)
at org.testng.Assert.assertEquals(Assert.java:639)
at org.fleet.demopage.DemoPage.validation(DemoPage.java:56)
at java.base/jdk.internal.reflect.NativeMethodAccessorImpl.invoke0(Native Method)
at java.base/jdk.internal.reflect.NativeMethodAccessorImpl.invoke(NativeMethodAccessorImpl.java:62)
at java.base/jdk.internal.reflect.DelegatingMethodAccessorImpl.invoke(DelegatingMethodAccessorImpl.java:43)
at java.base/java.lang.reflect.Method.invoke(Method.java:566)
at org.testng.internal.MethodInvocationHelper.invokeMethod(MethodInvocationHelper.java:133)
at org.testng.internal.TestInvoker.invokeMethod(TestInvoker.java:598)
at org.testng.internal.TestInvoker.invokeTestMethod(TestInvoker.java:173)
at org.testng.internal.MethodRunner.runInSequence(MethodRunner.java:46)
at org.testng.internal.TestInvoker$MethodInvocationAgent.invoke(TestInvoker.java:824)
at org.testng.internal.TestInvoker.invokeTestMethods(TestInvoker.java:146)
at org.testng.internal.TestMethodWorker.invokeTestMethods(TestMethodWorker.java:146)
at org.testng.internal.TestMethodWorker.run(TestMethodWorker.java:128)
at java.base/java.util.ArrayList.forEach(ArrayList.java:1541)
at org.testng.TestRunner.privateRun(TestRunner.java:794)
at org.testng.TestRunner.run(TestRunner.java:596)
at org.testng.SuiteRunner.runTest(SuiteRunner.java:377)
at org.testng.SuiteRunner.runSequentially(SuiteRunner.java:371)
at org.testng.SuiteRunner.privateRun(SuiteRunner.java:332)
at org.testng.SuiteRunner.run(SuiteRunner.java:276)
at org.testng.SuiteRunnerWorker.runSuite(SuiteRunnerWorker.java:53)
at org.testng.SuiteRunnerWorker.run(SuiteRunnerWorker.java:96)
at org.testng.TestNG.runSuitesSequentially(TestNG.java:1212)
at org.testng.TestNG.runSuitesLocally(TestNG.java:1134)
at org.testng.TestNG.runSuites(TestNG.java:1063)
at org.testng.TestNG.run(TestNG.java:1031)
at org.testng.remote.AbstractRemoteTestNG.run(AbstractRemoteTestNG.java:115)
at org.testng.remote.RemoteTestNG.initAndRun(RemoteTestNG.java:251)
at org.testng.remote.RemoteTestNG.main(RemoteTestNG.java:77)
]]>
            </full-stacktrace>
          </exception> <!-- java.lang.AssertionError -->
          <reporter-output>
          </reporter-output>
        </test-method> <!-- validation -->
        <test-method is-config="true" signature="screenShotCall()[pri:0, instance:org.fleet.demopage.DemoPage@290222c1]" started-at="2023-07-08T11:12:06 IST" name="screenShotCall" finished-at="2023-07-08T11:12:07 IST" duration-ms="312" status="PASS">
          <reporter-output>
          </reporter-output>
        </test-method> <!-- screenShotCall -->
      </class> <!-- org.fleet.demopage.DemoPage -->
    </test> <!-- Default test -->
  </suite> <!-- Default suite -->
</testng-results>
